Login success alijesus29@gmail.com
Login success alijesus29@gmail.com
Login success alijesus29@gmail.com
Login success alijesus29@gmail.com
Login success alijesus29@gmail.com
Login success umsi@umich.edu
Login success umsi@umich.edu
Login success umsi@umich.edu
Login success alijesus29@gmail.com
Login success umsi@umich.edu
Login success alijesus29@gmail.com
Login fail sfushfisdf@ 04aa49d97213ac718dcffa4ec5d13be2
Login fail alijesus29@gmail.com 44b1b313798de1b061c1899e094ac8ec
Login success alijesus29@gmail.com
Login success alijesus29@gmail.com
Login success alijesus29@gmail.com
Login success umsi@umich.edu
Login success umsi@umich.edu
Login success umsi@umich.edu
Login success umsi@umich.edu
Login success umsi@umich.edu
Login fail alijesus29@gmail.com 1a52e17fa899cf40fb04cfc42e6352f1
Login fail umsi@umich.edu 1a52e17fa899cf40fb04cfc42e6352f1
Login fail umsi@umich.edu 1a52e17fa899cf40fb04cfc42e6352f1
Login success csev@umich.edu
Login success umsi@umich.edu
Login success umsi@umich.edu
Login success umsi@umich.edu
